3/3/2025 9:53:01 PM, Version: 28.0.0.38 x64
3/3/2025 9:53:01 PM, Size: 1920x1080
3/3/2025 9:53:01 PM, System: NTSC 29.97p
3/3/2025 9:53:01 PM, Codec: H264
3/3/2025 9:53:01 PM, Format: UYVY 16 1498831189
3/3/2025 9:53:01 PM, AudioDevice: vMix Audio
3/3/2025 9:53:01 PM, AudioFormat: 48000 Hz 16 Bit 2 Channels
3/3/2025 9:53:01 PM, AudioDelay: 0
3/3/2025 9:53:01 PM, RestartInterval: 0
3/3/2025 9:53:01 PM, Buffers: 10
3/3/2025 9:53:01 PM, BitRate: 8 Mbps
3/3/2025 9:53:01 PM, AudioBitRate: 128 Kbps
3/3/2025 9:53:02 PM, StartRecording
3/3/2025 10:50:18 PM, StopRecording
3/3/2025 10:50:18 PM, Duration: 00:57:16
3/3/2025 10:50:18 PM, Frames: 102990
3/3/2025 10:50:18 PM, DroppedFrames: 0
3/3/2025 10:50:18 PM,   DueToSourceFrameRate: 0
3/3/2025 10:50:18 PM,   DueToHardDiskOrCPU: 0
3/3/2025 10:50:18 PM, DroppedSamples: 0
3/3/2025 10:50:18 PM, MissedSamples: 0
3/3/2025 10:50:18 PM, SyncedSamples: 0
3/3/2025 10:50:18 PM, AudioOffset: 0
3/3/2025 10:50:18 PM, AudioDelay: 0
3/3/2025 10:50:18 PM, AudioEngine
3/3/2025 10:50:18 PM,   Running: True
3/3/2025 10:50:18 PM,   SampleRate: 48000hz 16 Bit
3/3/2025 10:50:18 PM,   MixingErrors: 0
3/3/2025 10:50:18 PM,     Streams
3/3/2025 10:50:18 PM,       Mixer
3/3/2025 10:50:18 PM,         Samples: 429890
3/3/2025 10:50:18 PM,         Dropped: Read 0 Write 0
3/3/2025 10:50:18 PM,         Latency: 0 ms
3/3/2025 10:50:18 PM,         Errors: 0
3/3/2025 10:50:18 PM,       Headphones
3/3/2025 10:50:18 PM,         Samples: 429890
3/3/2025 10:50:18 PM,         Dropped: Read 0 Write 0
3/3/2025 10:50:18 PM,         Latency: 20 ms
3/3/2025 10:50:18 PM,         Errors: 0
3/3/2025 10:50:18 PM,       Audio
3/3/2025 10:50:18 PM,         Samples: 172189
3/3/2025 10:50:18 PM,         Dropped: Read 3 Write 0
3/3/2025 10:50:18 PM,         Latency: 60 ms
3/3/2025 10:50:18 PM,         TargetLatency: 67 ms
3/3/2025 10:50:18 PM,         Resampled: 0/40
3/3/2025 10:50:18 PM,         Errors: 0
